<?xml version="1.0" encoding="UTF-8"?>
<testsuite name="NodeTreeCalculatorTest" tests="3" skipped="0" failures="0" errors="0" timestamp="2022-09-25T19:40:36" hostname="DESKTOP-5ICG2B0" time="0.026">
  <properties/>
  <testcase name="testNrOfChildBoxesContainedExpect126BoxesOK()" classname="NodeTreeCalculatorTest" time="0.019"/>
  <testcase name="testBoxesThatCanContainShinyBoxExpect4BoxesOK()" classname="NodeTreeCalculatorTest" time="0.003"/>
  <testcase name="testWhatIfColoredBoxDoesntExistExpectExceptionOK()" classname="NodeTreeCalculatorTest" time="0.004"/>
  <system-out><![CDATA[]]></system-out>
  <system-err><![CDATA[]]></system-err>
</testsuite>
