<?xml version="1.0" encoding="UTF-8"?>
<testsuite name="RuleCalculatorTest" tests="2" skipped="0" failures="0" errors="0" timestamp="2022-09-25T23:10:51" hostname="DESKTOP-5ICG2B0" time="0.021">
  <properties/>
  <testcase name="testNrBoxesThatCanContainColoredBoxExpect4BoxesOK()" classname="RuleCalculatorTest" time="0.017"/>
  <testcase name="testWhatIfColoredBoxDoesntExistExpectExceptionOK()" classname="RuleCalculatorTest" time="0.004"/>
  <system-out><![CDATA[]]></system-out>
  <system-err><![CDATA[]]></system-err>
</testsuite>
